# JRE version: OpenJDK Runtime Environment (8.0_151-b12) (build 1.8.0_151-b12)
# Java VM: OpenJDK 64-Bit Server VM (25.151-b12 mixed mode linux-amd64 compressed oops)
Heap:
 PSYoungGen      total 385536K, used 13288K [0x00000000e0000000, 0x00000000fca00000, 0x0000000100000000)
  eden space 302080K, 0% used [0x00000000e0000000,0x00000000e0000000,0x00000000f2700000)
  from space 83456K, 15% used [0x00000000f2700000,0x00000000f33fa248,0x00000000f7880000)
  to   space 80384K, 0% used [0x00000000f7b80000,0x00000000f7b80000,0x00000000fca00000)
 ParOldGen       total 165376K, used 140707K [0x00000000a0000000, 0x00000000aa180000, 0x00000000e0000000)
  object space 165376K, 85% used [0x00000000a0000000,0x00000000a8968e88,0x00000000aa180000)
 Metaspace       used 90784K, capacity 96756K, committed 96896K, reserved 1134592K
  class space    used 11233K, capacity 12633K, committed 12672K, reserved 1048576K
GC Heap History (10 events):
Event: 2567.346 GC heap after
Heap after GC invocations=42 (full 4):
 PSYoungGen      total 292864K, used 31156K [0x00000000e0000000, 0x00000000f5b00000, 0x0000000100000000)
  eden space 239616K, 0% used [0x00000000e0000000,0x00000000e0000000,0x00000000eea00000)
  from space 53248K, 58% used [0x00000000f2700000,0x00000000f456d180,0x00000000f5b00000)
  to   space 57856K, 0% used [0x00000000eea00000,0x00000000eea00000,0x00000000f2280000)
 ParOldGen       total 165376K, used 99759K [0x00000000a0000000, 0x00000000aa180000, 0x00000000e0000000)
  object space 165376K, 60% used [0x00000000a0000000,0x00000000a616bec0,0x00000000aa180000)
 Metaspace       used 90328K, capacity 96366K, committed 96640K, reserved 1132544K
  class space    used 11214K, capacity 12616K, committed 12672K, reserved 1048576K
}
Event: 2595.714 GC heap before
{Heap before GC invocations=43 (full 4):
 PSYoungGen      total 292864K, used 270744K [0x00000000e0000000, 0x00000000f5b00000, 0x0000000100000000)
  eden space 239616K, 99% used [0x00000000e0000000,0x00000000ee9f8f58,0x00000000eea00000)
  from space 53248K, 58% used [0x00000000f2700000,0x00000000f456d180,0x00000000f5b00000)
  to   space 57856K, 0% used [0x00000000eea00000,0x00000000eea00000,0x00000000f2280000)
 ParOldGen       total 165376K, used 99759K [0x00000000a0000000, 0x00000000aa180000, 0x00000000e0000000)
  object space 165376K, 60% used [0x00000000a0000000,0x00000000a616bec0,0x00000000aa180000)
 Metaspace       used 90710K, capacity 96712K, committed 96896K, reserved 1134592K
  class space    used 11223K, capacity 12623K, committed 12672K, reserved 1048576K
Event: 2595.757 GC heap after
Heap after GC invocations=43 (full 4):
 PSYoungGen      total 297472K, used 46557K [0x00000000e0000000, 0x00000000f8600000, 0x0000000100000000)
  eden space 239616K, 0% used [0x00000000e0000000,0x00000000e0000000,0x00000000eea00000)
  from space 57856K, 80% used [0x00000000eea00000,0x00000000f17775b8,0x00000000f2280000)
  to   space 60416K, 0% used [0x00000000f4b00000,0x00000000f4b00000,0x00000000f8600000)
 ParOldGen       total 165376K, used 99799K [0x00000000a0000000, 0x00000000aa180000, 0x00000000e0000000)
  object space 165376K, 60% used [0x00000000a0000000,0x00000000a6175ec0,0x00000000aa180000)
 Metaspace       used 90710K, capacity 96712K, committed 96896K, reserved 1134592K
  class space    used 11223K, capacity 12623K, committed 12672K, reserved 1048576K
}
Event: 2596.593 GC heap before
{Heap before GC invocations=44 (full 4):
 PSYoungGen      total 297472K, used 286173K [0x00000000e0000000, 0x00000000f8600000, 0x0000000100000000)
  eden space 239616K, 100% used [0x00000000e0000000,0x00000000eea00000,0x00000000eea00000)
  from space 57856K, 80% used [0x00000000eea00000,0x00000000f17775b8,0x00000000f2280000)
  to   space 60416K, 0% used [0x00000000f4b00000,0x00000000f4b00000,0x00000000f8600000)
 ParOldGen       total 165376K, used 99799K [0x00000000a0000000, 0x00000000aa180000, 0x00000000e0000000)
  object space 165376K, 60% used [0x00000000a0000000,0x00000000a6175ec0,0x00000000aa180000)
 Metaspace       used 90725K, capacity 96716K, committed 96896K, reserved 1134592K
  class space    used 11228K, capacity 12625K, committed 12672K, reserved 1048576K
Event: 2596.675 GC heap after
Heap after GC invocations=44 (full 4):
 PSYoungGen      total 320512K, used 60404K [0x00000000e0000000, 0x00000000fb180000, 0x0000000100000000)
  eden space 260096K, 0% used [0x00000000e0000000,0x00000000e0000000,0x00000000efe00000)
  from space 60416K, 99% used [0x00000000f4b00000,0x00000000f85fd010,0x00000000f8600000)
  to   space 78848K, 0% used [0x00000000efe00000,0x00000000efe00000,0x00000000f4b00000)
 ParOldGen       total 165376K, used 129041K [0x00000000a0000000, 0x00000000aa180000, 0x00000000e0000000)
  object space 165376K, 78% used [0x00000000a0000000,0x00000000a7e04728,0x00000000aa180000)
 Metaspace       used 90725K, capacity 96716K, committed 96896K, reserved 1134592K
  class space    used 11228K, capacity 12625K, committed 12672K, reserved 1048576K
}
Event: 2599.262 GC heap before
{Heap before GC invocations=45 (full 4):
 PSYoungGen      total 320512K, used 320500K [0x00000000e0000000, 0x00000000fb180000, 0x0000000100000000)
  eden space 260096K, 100% used [0x00000000e0000000,0x00000000efe00000,0x00000000efe00000)
  from space 60416K, 99% used [0x00000000f4b00000,0x00000000f85fd010,0x00000000f8600000)
  to   space 78848K, 0% used [0x00000000efe00000,0x00000000efe00000,0x00000000f4b00000)
 ParOldGen       total 165376K, used 129041K [0x00000000a0000000, 0x00000000aa180000, 0x00000000e0000000)
  object space 165376K, 78% used [0x00000000a0000000,0x00000000a7e04728,0x00000000aa180000)
 Metaspace       used 90744K, capacity 96736K, committed 96896K, reserved 1134592K
  class space    used 11232K, capacity 12631K, committed 12672K, reserved 1048576K
Event: 2599.303 GC heap after
Heap after GC invocations=45 (full 4):
 PSYoungGen      total 338944K, used 67697K [0x00000000e0000000, 0x00000000fcf00000, 0x0000000100000000)
  eden space 260096K, 0% used [0x00000000e0000000,0x00000000e0000000,0x00000000efe00000)
  from space 78848K, 85% used [0x00000000efe00000,0x00000000f401c7d0,0x00000000f4b00000)
  to   space 85504K, 0% used [0x00000000f7b80000,0x00000000f7b80000,0x00000000fcf00000)
 ParOldGen       total 165376K, used 132212K [0x00000000a0000000, 0x00000000aa180000, 0x00000000e0000000)
  object space 165376K, 79% used [0x00000000a0000000,0x00000000a811d140,0x00000000aa180000)
 Metaspace       used 90744K, capacity 96736K, committed 96896K, reserved 1134592K
  class space    used 11232K, capacity 12631K, committed 12672K, reserved 1048576K
}
Event: 2601.136 GC heap before
{Heap before GC invocations=46 (full 4):
 PSYoungGen      total 338944K, used 327403K [0x00000000e0000000, 0x00000000fcf00000, 0x0000000100000000)
  eden space 260096K, 99% used [0x00000000e0000000,0x00000000efd9e650,0x00000000efe00000)
  from space 78848K, 85% used [0x00000000efe00000,0x00000000f401c7d0,0x00000000f4b00000)
  to   space 85504K, 0% used [0x00000000f7b80000,0x00000000f7b80000,0x00000000fcf00000)
 ParOldGen       total 165376K, used 132212K [0x00000000a0000000, 0x00000000aa180000, 0x00000000e0000000)
  object space 165376K, 79% used [0x00000000a0000000,0x00000000a811d140,0x00000000aa180000)
 Metaspace       used 90783K, capacity 96756K, committed 96896K, reserved 1134592K
  class space    used 11233K, capacity 12633K, committed 12672K, reserved 1048576K
Event: 2601.172 GC heap after
Heap after GC invocations=46 (full 4):
 PSYoungGen      total 382464K, used 27051K [0x00000000e0000000, 0x00000000fca00000, 0x0000000100000000)
  eden space 302080K, 0% used [0x00000000e0000000,0x00000000e0000000,0x00000000f2700000)
  from space 80384K, 33% used [0x00000000f7b80000,0x00000000f95ead40,0x00000000fca00000)
  to   space 83456K, 0% used [0x00000000f2700000,0x00000000f2700000,0x00000000f7880000)
 ParOldGen       total 165376K, used 133179K [0x00000000a0000000, 0x00000000aa180000, 0x00000000e0000000)
  object space 165376K, 80% used [0x00000000a0000000,0x00000000a820ee08,0x00000000aa180000)
 Metaspace       used 90783K, capacity 96756K, committed 96896K, reserved 1134592K
  class space    used 11233K, capacity 12633K, committed 12672K, reserved 1048576K
}
Event: 2601.338 GC heap before
{Heap before GC invocations=47 (full 4):
 PSYoungGen      total 382464K, used 328268K [0x00000000e0000000, 0x00000000fca00000, 0x0000000100000000)
  eden space 302080K, 99% used [0x00000000e0000000,0x00000000f26285c0,0x00000000f2700000)
  from space 80384K, 33% used [0x00000000f7b80000,0x00000000f95ead40,0x00000000fca00000)
  to   space 83456K, 0% used [0x00000000f2700000,0x00000000f2700000,0x00000000f7880000)
 ParOldGen       total 165376K, used 133179K [0x00000000a0000000, 0x00000000aa180000, 0x00000000e0000000)
  object space 165376K, 80% used [0x00000000a0000000,0x00000000a820ee08,0x00000000aa180000)
 Metaspace       used 90784K, capacity 96756K, committed 96896K, reserved 1134592K
  class space    used 11233K, capacity 12633K, committed 12672K, reserved 1048576K

