# JRE version: OpenJDK Runtime Environment (8.0_151-b12) (build 1.8.0_151-b12)
# Java VM: OpenJDK 64-Bit Server VM (25.151-b12 mixed mode linux-amd64 compressed oops)
Heap:
 PSYoungGen      total 321024K, used 6356K [0x00000000e0000000, 0x00000000f5300000, 0x0000000100000000)
  eden space 294912K, 0% used [0x00000000e0000000,0x00000000e0000000,0x00000000f2000000)
  from space 26112K, 24% used [0x00000000f2000000,0x00000000f26350d0,0x00000000f3980000)
  to   space 19456K, 0% used [0x00000000f4000000,0x00000000f4000000,0x00000000f5300000)
 ParOldGen       total 90112K, used 58923K [0x00000000a0000000, 0x00000000a5800000, 0x00000000e0000000)
  object space 90112K, 65% used [0x00000000a0000000,0x00000000a398ae70,0x00000000a5800000)
 Metaspace       used 71088K, capacity 73760K, committed 74112K, reserved 1114112K
  class space    used 8963K, capacity 9546K, committed 9600K, reserved 1048576K
GC Heap History (10 events):
Event: 38.163 GC heap after
Heap after GC invocations=17 (full 3):
 PSYoungGen      total 204288K, used 12015K [0x00000000e0000000, 0x00000000ee500000, 0x0000000100000000)
  eden space 190464K, 0% used [0x00000000e0000000,0x00000000e0000000,0x00000000eba00000)
  from space 13824K, 86% used [0x00000000ed780000,0x00000000ee33be00,0x00000000ee500000)
  to   space 22016K, 0% used [0x00000000eba00000,0x00000000eba00000,0x00000000ecf80000)
 ParOldGen       total 90112K, used 36496K [0x00000000a0000000, 0x00000000a5800000, 0x00000000e0000000)
  object space 90112K, 40% used [0x00000000a0000000,0x00000000a23a4268,0x00000000a5800000)
 Metaspace       used 59219K, capacity 61228K, committed 61312K, reserved 1101824K
  class space    used 7768K, capacity 8252K, committed 8320K, reserved 1048576K
}
Event: 50.445 GC heap before
{Heap before GC invocations=18 (full 3):
 PSYoungGen      total 204288K, used 201899K [0x00000000e0000000, 0x00000000ee500000, 0x0000000100000000)
  eden space 190464K, 99% used [0x00000000e0000000,0x00000000eb96ef88,0x00000000eba00000)
  from space 13824K, 86% used [0x00000000ed780000,0x00000000ee33be00,0x00000000ee500000)
  to   space 22016K, 0% used [0x00000000eba00000,0x00000000eba00000,0x00000000ecf80000)
 ParOldGen       total 90112K, used 36496K [0x00000000a0000000, 0x00000000a5800000, 0x00000000e0000000)
  object space 90112K, 40% used [0x00000000a0000000,0x00000000a23a4268,0x00000000a5800000)
 Metaspace       used 66048K, capacity 68336K, committed 68480K, reserved 1107968K
  class space    used 8492K, capacity 9030K, committed 9088K, reserved 1048576K
Event: 50.498 GC heap after
Heap after GC invocations=18 (full 3):
 PSYoungGen      total 212480K, used 22011K [0x00000000e0000000, 0x00000000f1600000, 0x0000000100000000)
  eden space 190464K, 0% used [0x00000000e0000000,0x00000000e0000000,0x00000000eba00000)
  from space 22016K, 99% used [0x00000000eba00000,0x00000000ecf7efe8,0x00000000ecf80000)
  to   space 26112K, 0% used [0x00000000efc80000,0x00000000efc80000,0x00000000f1600000)
 ParOldGen       total 90112K, used 38293K [0x00000000a0000000, 0x00000000a5800000, 0x00000000e0000000)
  object space 90112K, 42% used [0x00000000a0000000,0x00000000a2565598,0x00000000a5800000)
 Metaspace       used 66048K, capacity 68336K, committed 68480K, reserved 1107968K
  class space    used 8492K, capacity 9030K, committed 9088K, reserved 1048576K
}
Event: 50.668 GC heap before
{Heap before GC invocations=19 (full 3):
 PSYoungGen      total 212480K, used 211613K [0x00000000e0000000, 0x00000000f1600000, 0x0000000100000000)
  eden space 190464K, 99% used [0x00000000e0000000,0x00000000eb9287e0,0x00000000eba00000)
  from space 22016K, 99% used [0x00000000eba00000,0x00000000ecf7efe8,0x00000000ecf80000)
  to   space 26112K, 0% used [0x00000000efc80000,0x00000000efc80000,0x00000000f1600000)
 ParOldGen       total 90112K, used 38293K [0x00000000a0000000, 0x00000000a5800000, 0x00000000e0000000)
  object space 90112K, 42% used [0x00000000a0000000,0x00000000a2565598,0x00000000a5800000)
 Metaspace       used 66057K, capacity 68336K, committed 68480K, reserved 1107968K
  class space    used 8492K, capacity 9030K, committed 9088K, reserved 1048576K
Event: 50.708 GC heap after
Heap after GC invocations=19 (full 3):
 PSYoungGen      total 257536K, used 18077K [0x00000000e0000000, 0x00000000f4800000, 0x0000000100000000)
  eden space 231424K, 0% used [0x00000000e0000000,0x00000000e0000000,0x00000000ee200000)
  from space 26112K, 69% used [0x00000000efc80000,0x00000000f0e27778,0x00000000f1600000)
  to   space 27136K, 0% used [0x00000000ee200000,0x00000000ee200000,0x00000000efc80000)
 ParOldGen       total 90112K, used 38301K [0x00000000a0000000, 0x00000000a5800000, 0x00000000e0000000)
  object space 90112K, 42% used [0x00000000a0000000,0x00000000a2567598,0x00000000a5800000)
 Metaspace       used 66057K, capacity 68336K, committed 68480K, reserved 1107968K
  class space    used 8492K, capacity 9030K, committed 9088K, reserved 1048576K
}
Event: 61.931 GC heap before
{Heap before GC invocations=20 (full 3):
 PSYoungGen      total 257536K, used 249501K [0x00000000e0000000, 0x00000000f4800000, 0x0000000100000000)
  eden space 231424K, 100% used [0x00000000e0000000,0x00000000ee200000,0x00000000ee200000)
  from space 26112K, 69% used [0x00000000efc80000,0x00000000f0e27778,0x00000000f1600000)
  to   space 27136K, 0% used [0x00000000ee200000,0x00000000ee200000,0x00000000efc80000)
 ParOldGen       total 90112K, used 38301K [0x00000000a0000000, 0x00000000a5800000, 0x00000000e0000000)
  object space 90112K, 42% used [0x00000000a0000000,0x00000000a2567598,0x00000000a5800000)
 Metaspace       used 67018K, capacity 69444K, committed 69632K, reserved 1110016K
  class space    used 8624K, capacity 9192K, committed 9216K, reserved 1048576K
Event: 61.963 GC heap after
Heap after GC invocations=20 (full 3):
 PSYoungGen      total 258560K, used 2257K [0x00000000e0000000, 0x00000000f5a80000, 0x0000000100000000)
  eden space 231424K, 0% used [0x00000000e0000000,0x00000000e0000000,0x00000000ee200000)
  from space 27136K, 8% used [0x00000000ee200000,0x00000000ee434630,0x00000000efc80000)
  to   space 27136K, 0% used [0x00000000f4000000,0x00000000f4000000,0x00000000f5a80000)
 ParOldGen       total 90112K, used 55396K [0x00000000a0000000, 0x00000000a5800000, 0x00000000e0000000)
  object space 90112K, 61% used [0x00000000a0000000,0x00000000a36193d0,0x00000000a5800000)
 Metaspace       used 67018K, capacity 69444K, committed 69632K, reserved 1110016K
  class space    used 8624K, capacity 9192K, committed 9216K, reserved 1048576K
}
Event: 107.689 GC heap before
{Heap before GC invocations=21 (full 3):
 PSYoungGen      total 258560K, used 233681K [0x00000000e0000000, 0x00000000f5a80000, 0x0000000100000000)
  eden space 231424K, 100% used [0x00000000e0000000,0x00000000ee200000,0x00000000ee200000)
  from space 27136K, 8% used [0x00000000ee200000,0x00000000ee434630,0x00000000efc80000)
  to   space 27136K, 0% used [0x00000000f4000000,0x00000000f4000000,0x00000000f5a80000)
 ParOldGen       total 90112K, used 55396K [0x00000000a0000000, 0x00000000a5800000, 0x00000000e0000000)
  object space 90112K, 61% used [0x00000000a0000000,0x00000000a36193d0,0x00000000a5800000)
 Metaspace       used 70040K, capacity 72668K, committed 72832K, reserved 1112064K
  class space    used 8945K, capacity 9546K, committed 9600K, reserved 1048576K
Event: 107.710 GC heap after
Heap after GC invocations=21 (full 3):
 PSYoungGen      total 314368K, used 8622K [0x00000000e0000000, 0x00000000f5300000, 0x0000000100000000)
  eden space 294912K, 0% used [0x00000000e0000000,0x00000000e0000000,0x00000000f2000000)
  from space 19456K, 44% used [0x00000000f4000000,0x00000000f486b8f8,0x00000000f5300000)
  to   space 26112K, 0% used [0x00000000f2000000,0x00000000f2000000,0x00000000f3980000)
 ParOldGen       total 90112K, used 56042K [0x00000000a0000000, 0x00000000a5800000, 0x00000000e0000000)
  object space 90112K, 62% used [0x00000000a0000000,0x00000000a36ba900,0x00000000a5800000)
 Metaspace       used 70040K, capacity 72668K, committed 72832K, reserved 1112064K
  class space    used 8945K, capacity 9546K, committed 9600K, reserved 1048576K
}
Event: 111.355 GC heap before
{Heap before GC invocations=22 (full 3):
 PSYoungGen      total 314368K, used 303534K [0x00000000e0000000, 0x00000000f5300000, 0x0000000100000000)
  eden space 294912K, 100% used [0x00000000e0000000,0x00000000f2000000,0x00000000f2000000)
  from space 19456K, 44% used [0x00000000f4000000,0x00000000f486b8f8,0x00000000f5300000)
  to   space 26112K, 0% used [0x00000000f2000000,0x00000000f2000000,0x00000000f3980000)
 ParOldGen       total 90112K, used 56042K [0x00000000a0000000, 0x00000000a5800000, 0x00000000e0000000)
  object space 90112K, 62% used [0x00000000a0000000,0x00000000a36ba900,0x00000000a5800000)
 Metaspace       used 71088K, capacity 73760K, committed 74112K, reserved 1114112K
  class space    used 8963K, capacity 9546K, committed 9600K, reserved 1048576K

